<?xml version="1.0" encoding="UTF-8"?>
<<<<<<< Updated upstream
<testsuite xmlns:xsi="http://www.w3.org/2001/XMLSchema-instance" xsi:noNamespaceSchemaLocation="https://maven.apache.org/surefire/maven-surefire-plugin/xsd/surefire-test-report.xsd" name="dao.InventoryDaoTest" time="0.147" tests="1" errors="0" skipped="0" failures="0">
=======
<<<<<<< Updated upstream
<testsuite xmlns:xsi="http://www.w3.org/2001/XMLSchema-instance" xsi:noNamespaceSchemaLocation="https://maven.apache.org/surefire/maven-surefire-plugin/xsd/surefire-test-report.xsd" name="dao.InventoryDaoTest" time="0.123" tests="1" errors="0" skipped="0" failures="0">
=======
<testsuite xmlns:xsi="http://www.w3.org/2001/XMLSchema-instance" xsi:noNamespaceSchemaLocation="https://maven.apache.org/surefire/maven-surefire-plugin/xsd/surefire-test-report.xsd" name="dao.InventoryDaoTest" time="0.113" tests="1" errors="0" skipped="0" failures="0">
>>>>>>> Stashed changes
>>>>>>> Stashed changes
  <properties>
    <property name="gopherProxySet" value="false"/>
    <property name="awt.toolkit" value="sun.lwawt.macosx.LWCToolkit"/>
    <property name="file.encoding.pkg" value="sun.io"/>
    <property name="java.specification.version" value="1.8"/>
    <property name="sun.cpu.isalist" value=""/>
    <property name="sun.jnu.encoding" value="UTF-8"/>
    <property name="java.class.path" value="/Users/krishnatejay/repo/kumbhakarna/target/test-classes:/Users/krishnatejay/repo/kumbhakarna/target/classes:/Users/krishnatejay/.m2/repository/org/springframework/boot/spring-boot-starter-web/2.4.4/spring-boot-starter-web-2.4.4.jar:/Users/krishnatejay/.m2/repository/org/springframework/boot/spring-boot-starter/2.4.4/spring-boot-starter-2.4.4.jar:/Users/krishnatejay/.m2/repository/org/springframework/boot/spring-boot/2.4.4/spring-boot-2.4.4.jar:/Users/krishnatejay/.m2/repository/org/springframework/boot/spring-boot-autoconfigure/2.4.4/spring-boot-autoconfigure-2.4.4.jar:/Users/krishnatejay/.m2/repository/org/springframework/boot/spring-boot-starter-logging/2.4.4/spring-boot-starter-logging-2.4.4.jar:/Users/krishnatejay/.m2/repository/ch/qos/logback/logback-classic/1.2.3/logback-classic-1.2.3.jar:/Users/krishnatejay/.m2/repository/ch/qos/logback/logback-core/1.2.3/logback-core-1.2.3.jar:/Users/krishnatejay/.m2/repository/org/apache/logging/log4j/log4j-to-slf4j/2.13.3/log4j-to-slf4j-2.13.3.jar:/Users/krishnatejay/.m2/repository/org/apache/logging/log4j/log4j-api/2.13.3/log4j-api-2.13.3.jar:/Users/krishnatejay/.m2/repository/org/slf4j/jul-to-slf4j/1.7.30/jul-to-slf4j-1.7.30.jar:/Users/krishnatejay/.m2/repository/jakarta/annotation/jakarta.annotation-api/1.3.5/jakarta.annotation-api-1.3.5.jar:/Users/krishnatejay/.m2/repository/org/yaml/snakeyaml/1.27/snakeyaml-1.27.jar:/Users/krishnatejay/.m2/repository/org/springframework/boot/spring-boot-starter-json/2.4.4/spring-boot-starter-json-2.4.4.jar:/Users/krishnatejay/.m2/repository/com/fasterxml/jackson/core/jackson-databind/2.11.4/jackson-databind-2.11.4.jar:/Users/krishnatejay/.m2/repository/com/fasterxml/jackson/core/jackson-annotations/2.11.4/jackson-annotations-2.11.4.jar:/Users/krishnatejay/.m2/repository/com/fasterxml/jackson/core/jackson-core/2.11.4/jackson-core-2.11.4.jar:/Users/krishnatejay/.m2/repository/com/fasterxml/jackson/datatype/jackson-datatype-jdk8/2.11.4/jackson-datatype-jdk8-2.11.4.jar:/Users/krishnatejay/.m2/repository/com/fasterxml/jackson/datatype/jackson-datatype-jsr310/2.11.4/jackson-datatype-jsr310-2.11.4.jar:/Users/krishnatejay/.m2/repository/com/fasterxml/jackson/module/jackson-module-parameter-names/2.11.4/jackson-module-parameter-names-2.11.4.jar:/Users/krishnatejay/.m2/repository/org/springframework/boot/spring-boot-starter-tomcat/2.4.4/spring-boot-starter-tomcat-2.4.4.jar:/Users/krishnatejay/.m2/repository/org/apache/tomcat/embed/tomcat-embed-core/9.0.44/tomcat-embed-core-9.0.44.jar:/Users/krishnatejay/.m2/repository/org/glassfish/jakarta.el/3.0.3/jakarta.el-3.0.3.jar:/Users/krishnatejay/.m2/repository/org/apache/tomcat/embed/tomcat-embed-websocket/9.0.44/tomcat-embed-websocket-9.0.44.jar:/Users/krishnatejay/.m2/repository/org/springframework/spring-web/5.3.5/spring-web-5.3.5.jar:/Users/krishnatejay/.m2/repository/org/springframework/spring-beans/5.3.5/spring-beans-5.3.5.jar:/Users/krishnatejay/.m2/repository/org/springframework/spring-webmvc/5.3.5/spring-webmvc-5.3.5.jar:/Users/krishnatejay/.m2/repository/org/springframework/spring-aop/5.3.5/spring-aop-5.3.5.jar:/Users/krishnatejay/.m2/repository/org/springframework/spring-context/5.3.5/spring-context-5.3.5.jar:/Users/krishnatejay/.m2/repository/org/springframework/spring-expression/5.3.5/spring-expression-5.3.5.jar:/Users/krishnatejay/.m2/repository/org/springframework/boot/spring-boot-starter-test/2.4.4/spring-boot-starter-test-2.4.4.jar:/Users/krishnatejay/.m2/repository/org/springframework/boot/spring-boot-test/2.4.4/spring-boot-test-2.4.4.jar:/Users/krishnatejay/.m2/repository/org/springframework/boot/spring-boot-test-autoconfigure/2.4.4/spring-boot-test-autoconfigure-2.4.4.jar:/Users/krishnatejay/.m2/repository/com/jayway/jsonpath/json-path/2.4.0/json-path-2.4.0.jar:/Users/krishnatejay/.m2/repository/net/minidev/json-smart/2.3/json-smart-2.3.jar:/Users/krishnatejay/.m2/repository/net/minidev/accessors-smart/1.2/accessors-smart-1.2.jar:/Users/krishnatejay/.m2/repository/org/ow2/asm/asm/5.0.4/asm-5.0.4.jar:/Users/krishnatejay/.m2/repository/org/slf4j/slf4j-api/1.7.30/slf4j-api-1.7.30.jar:/Users/krishnatejay/.m2/repository/jakarta/xml/bind/jakarta.xml.bind-api/2.3.3/jakarta.xml.bind-api-2.3.3.jar:/Users/krishnatejay/.m2/repository/jakarta/activation/jakarta.activation-api/1.2.2/jakarta.activation-api-1.2.2.jar:/Users/krishnatejay/.m2/repository/org/assertj/assertj-core/3.18.1/assertj-core-3.18.1.jar:/Users/krishnatejay/.m2/repository/org/hamcrest/hamcrest/2.2/hamcrest-2.2.jar:/Users/krishnatejay/.m2/repository/org/junit/jupiter/junit-jupiter/5.7.1/junit-jupiter-5.7.1.jar:/Users/krishnatejay/.m2/repository/org/junit/jupiter/junit-jupiter-api/5.7.1/junit-jupiter-api-5.7.1.jar:/Users/krishnatejay/.m2/repository/org/apiguardian/apiguardian-api/1.1.0/apiguardian-api-1.1.0.jar:/Users/krishnatejay/.m2/repository/org/opentest4j/opentest4j/1.2.0/opentest4j-1.2.0.jar:/Users/krishnatejay/.m2/repository/org/junit/platform/junit-platform-commons/1.7.1/junit-platform-commons-1.7.1.jar:/Users/krishnatejay/.m2/repository/org/junit/jupiter/junit-jupiter-params/5.7.1/junit-jupiter-params-5.7.1.jar:/Users/krishnatejay/.m2/repository/org/junit/jupiter/junit-jupiter-engine/5.7.1/junit-jupiter-engine-5.7.1.jar:/Users/krishnatejay/.m2/repository/org/junit/platform/junit-platform-engine/1.7.1/junit-platform-engine-1.7.1.jar:/Users/krishnatejay/.m2/repository/org/mockito/mockito-core/3.6.28/mockito-core-3.6.28.jar:/Users/krishnatejay/.m2/repository/net/bytebuddy/byte-buddy/1.10.22/byte-buddy-1.10.22.jar:/Users/krishnatejay/.m2/repository/net/bytebuddy/byte-buddy-agent/1.10.22/byte-buddy-agent-1.10.22.jar:/Users/krishnatejay/.m2/repository/org/objenesis/objenesis/3.1/objenesis-3.1.jar:/Users/krishnatejay/.m2/repository/org/mockito/mockito-junit-jupiter/3.6.28/mockito-junit-jupiter-3.6.28.jar:/Users/krishnatejay/.m2/repository/org/skyscreamer/jsonassert/1.5.0/jsonassert-1.5.0.jar:/Users/krishnatejay/.m2/repository/com/vaadin/external/google/android-json/0.0.20131108.vaadin1/android-json-0.0.20131108.vaadin1.jar:/Users/krishnatejay/.m2/repository/org/springframework/spring-core/5.3.5/spring-core-5.3.5.jar:/Users/krishnatejay/.m2/repository/org/springframework/spring-jcl/5.3.5/spring-jcl-5.3.5.jar:/Users/krishnatejay/.m2/repository/org/springframework/spring-test/5.3.5/spring-test-5.3.5.jar:/Users/krishnatejay/.m2/repository/org/xmlunit/xmlunit-core/2.7.0/xmlunit-core-2.7.0.jar:/Users/krishnatejay/.m2/repository/org/postgresql/postgresql/42.1.2/postgresql-42.1.2.jar:/Users/krishnatejay/.m2/repository/org/projectlombok/lombok/1.18.20/lombok-1.18.20.jar:/Users/krishnatejay/.m2/repository/com/google/code/gson/gson/2.8.6/gson-2.8.6.jar:/Users/krishnatejay/.m2/repository/org/apache/httpcomponents/httpclient/4.5.13/httpclient-4.5.13.jar:/Users/krishnatejay/.m2/repository/org/apache/httpcomponents/httpcore/4.4.14/httpcore-4.4.14.jar:/Users/krishnatejay/.m2/repository/commons-codec/commons-codec/1.15/commons-codec-1.15.jar:/Users/krishnatejay/.m2/repository/commons-io/commons-io/2.6/commons-io-2.6.jar:/Users/krishnatejay/.m2/repository/com/google/guava/guava/29.0-android/guava-29.0-android.jar:/Users/krishnatejay/.m2/repository/com/google/guava/failureaccess/1.0.1/failureaccess-1.0.1.jar:/Users/krishnatejay/.m2/repository/com/google/guava/listenablefuture/9999.0-empty-to-avoid-conflict-with-guava/listenablefuture-9999.0-empty-to-avoid-conflict-with-guava.jar:/Users/krishnatejay/.m2/repository/com/google/code/findbugs/jsr305/3.0.2/jsr305-3.0.2.jar:/Users/krishnatejay/.m2/repository/org/checkerframework/checker-compat-qual/2.5.5/checker-compat-qual-2.5.5.jar:/Users/krishnatejay/.m2/repository/com/google/errorprone/error_prone_annotations/2.3.4/error_prone_annotations-2.3.4.jar:/Users/krishnatejay/.m2/repository/com/google/j2objc/j2objc-annotations/1.3/j2objc-annotations-1.3.jar:"/>
    <property name="java.vm.vendor" value="Oracle Corporation"/>
    <property name="sun.arch.data.model" value="64"/>
    <property name="java.vendor.url" value="http://java.oracle.com/"/>
    <property name="user.timezone" value=""/>
    <property name="java.vm.specification.version" value="1.8"/>
    <property name="os.name" value="Mac OS X"/>
    <property name="user.country" value="IN"/>
    <property name="sun.java.launcher" value="SUN_STANDARD"/>
    <property name="sun.boot.library.path" value="/Library/Java/JavaVirtualMachines/jdk1.8.0_211.jdk/Contents/Home/jre/lib"/>
<<<<<<< Updated upstream
    <property name="sun.java.command" value="/Users/krishnatejay/repo/kumbhakarna/target/surefire/surefirebooter261597023314369702.jar /Users/krishnatejay/repo/kumbhakarna/target/surefire 2021-07-09T12-11-57_334-jvmRun1 surefire3005913241061002077tmp surefire_03616755260308207091tmp"/>
=======
<<<<<<< Updated upstream
    <property name="sun.java.command" value="/Users/krishnatejay/repo/kumbhakarna/target/surefire/surefirebooter6861873236741590839.jar /Users/krishnatejay/repo/kumbhakarna/target/surefire 2021-07-08T10-00-26_362-jvmRun1 surefire2092419490153248963tmp surefire_02486835936693379339tmp"/>
=======
    <property name="sun.java.command" value="/Users/krishnatejay/repo/kumbhakarna/target/surefire/surefirebooter2021023908975375745.jar /Users/krishnatejay/repo/kumbhakarna/target/surefire 2021-07-06T08-17-28_632-jvmRun1 surefire6742310308981565384tmp surefire_05728328103676293757tmp"/>
>>>>>>> Stashed changes
>>>>>>> Stashed changes
    <property name="http.nonProxyHosts" value="local|*.local|169.254/16|*.169.254/16"/>
    <property name="surefire.test.class.path" value="/Users/krishnatejay/repo/kumbhakarna/target/test-classes:/Users/krishnatejay/repo/kumbhakarna/target/classes:/Users/krishnatejay/.m2/repository/org/springframework/boot/spring-boot-starter-web/2.4.4/spring-boot-starter-web-2.4.4.jar:/Users/krishnatejay/.m2/repository/org/springframework/boot/spring-boot-starter/2.4.4/spring-boot-starter-2.4.4.jar:/Users/krishnatejay/.m2/repository/org/springframework/boot/spring-boot/2.4.4/spring-boot-2.4.4.jar:/Users/krishnatejay/.m2/repository/org/springframework/boot/spring-boot-autoconfigure/2.4.4/spring-boot-autoconfigure-2.4.4.jar:/Users/krishnatejay/.m2/repository/org/springframework/boot/spring-boot-starter-logging/2.4.4/spring-boot-starter-logging-2.4.4.jar:/Users/krishnatejay/.m2/repository/ch/qos/logback/logback-classic/1.2.3/logback-classic-1.2.3.jar:/Users/krishnatejay/.m2/repository/ch/qos/logback/logback-core/1.2.3/logback-core-1.2.3.jar:/Users/krishnatejay/.m2/repository/org/apache/logging/log4j/log4j-to-slf4j/2.13.3/log4j-to-slf4j-2.13.3.jar:/Users/krishnatejay/.m2/repository/org/apache/logging/log4j/log4j-api/2.13.3/log4j-api-2.13.3.jar:/Users/krishnatejay/.m2/repository/org/slf4j/jul-to-slf4j/1.7.30/jul-to-slf4j-1.7.30.jar:/Users/krishnatejay/.m2/repository/jakarta/annotation/jakarta.annotation-api/1.3.5/jakarta.annotation-api-1.3.5.jar:/Users/krishnatejay/.m2/repository/org/yaml/snakeyaml/1.27/snakeyaml-1.27.jar:/Users/krishnatejay/.m2/repository/org/springframework/boot/spring-boot-starter-json/2.4.4/spring-boot-starter-json-2.4.4.jar:/Users/krishnatejay/.m2/repository/com/fasterxml/jackson/core/jackson-databind/2.11.4/jackson-databind-2.11.4.jar:/Users/krishnatejay/.m2/repository/com/fasterxml/jackson/core/jackson-annotations/2.11.4/jackson-annotations-2.11.4.jar:/Users/krishnatejay/.m2/repository/com/fasterxml/jackson/core/jackson-core/2.11.4/jackson-core-2.11.4.jar:/Users/krishnatejay/.m2/repository/com/fasterxml/jackson/datatype/jackson-datatype-jdk8/2.11.4/jackson-datatype-jdk8-2.11.4.jar:/Users/krishnatejay/.m2/repository/com/fasterxml/jackson/datatype/jackson-datatype-jsr310/2.11.4/jackson-datatype-jsr310-2.11.4.jar:/Users/krishnatejay/.m2/repository/com/fasterxml/jackson/module/jackson-module-parameter-names/2.11.4/jackson-module-parameter-names-2.11.4.jar:/Users/krishnatejay/.m2/repository/org/springframework/boot/spring-boot-starter-tomcat/2.4.4/spring-boot-starter-tomcat-2.4.4.jar:/Users/krishnatejay/.m2/repository/org/apache/tomcat/embed/tomcat-embed-core/9.0.44/tomcat-embed-core-9.0.44.jar:/Users/krishnatejay/.m2/repository/org/glassfish/jakarta.el/3.0.3/jakarta.el-3.0.3.jar:/Users/krishnatejay/.m2/repository/org/apache/tomcat/embed/tomcat-embed-websocket/9.0.44/tomcat-embed-websocket-9.0.44.jar:/Users/krishnatejay/.m2/repository/org/springframework/spring-web/5.3.5/spring-web-5.3.5.jar:/Users/krishnatejay/.m2/repository/org/springframework/spring-beans/5.3.5/spring-beans-5.3.5.jar:/Users/krishnatejay/.m2/repository/org/springframework/spring-webmvc/5.3.5/spring-webmvc-5.3.5.jar:/Users/krishnatejay/.m2/repository/org/springframework/spring-aop/5.3.5/spring-aop-5.3.5.jar:/Users/krishnatejay/.m2/repository/org/springframework/spring-context/5.3.5/spring-context-5.3.5.jar:/Users/krishnatejay/.m2/repository/org/springframework/spring-expression/5.3.5/spring-expression-5.3.5.jar:/Users/krishnatejay/.m2/repository/org/springframework/boot/spring-boot-starter-test/2.4.4/spring-boot-starter-test-2.4.4.jar:/Users/krishnatejay/.m2/repository/org/springframework/boot/spring-boot-test/2.4.4/spring-boot-test-2.4.4.jar:/Users/krishnatejay/.m2/repository/org/springframework/boot/spring-boot-test-autoconfigure/2.4.4/spring-boot-test-autoconfigure-2.4.4.jar:/Users/krishnatejay/.m2/repository/com/jayway/jsonpath/json-path/2.4.0/json-path-2.4.0.jar:/Users/krishnatejay/.m2/repository/net/minidev/json-smart/2.3/json-smart-2.3.jar:/Users/krishnatejay/.m2/repository/net/minidev/accessors-smart/1.2/accessors-smart-1.2.jar:/Users/krishnatejay/.m2/repository/org/ow2/asm/asm/5.0.4/asm-5.0.4.jar:/Users/krishnatejay/.m2/repository/org/slf4j/slf4j-api/1.7.30/slf4j-api-1.7.30.jar:/Users/krishnatejay/.m2/repository/jakarta/xml/bind/jakarta.xml.bind-api/2.3.3/jakarta.xml.bind-api-2.3.3.jar:/Users/krishnatejay/.m2/repository/jakarta/activation/jakarta.activation-api/1.2.2/jakarta.activation-api-1.2.2.jar:/Users/krishnatejay/.m2/repository/org/assertj/assertj-core/3.18.1/assertj-core-3.18.1.jar:/Users/krishnatejay/.m2/repository/org/hamcrest/hamcrest/2.2/hamcrest-2.2.jar:/Users/krishnatejay/.m2/repository/org/junit/jupiter/junit-jupiter/5.7.1/junit-jupiter-5.7.1.jar:/Users/krishnatejay/.m2/repository/org/junit/jupiter/junit-jupiter-api/5.7.1/junit-jupiter-api-5.7.1.jar:/Users/krishnatejay/.m2/repository/org/apiguardian/apiguardian-api/1.1.0/apiguardian-api-1.1.0.jar:/Users/krishnatejay/.m2/repository/org/opentest4j/opentest4j/1.2.0/opentest4j-1.2.0.jar:/Users/krishnatejay/.m2/repository/org/junit/platform/junit-platform-commons/1.7.1/junit-platform-commons-1.7.1.jar:/Users/krishnatejay/.m2/repository/org/junit/jupiter/junit-jupiter-params/5.7.1/junit-jupiter-params-5.7.1.jar:/Users/krishnatejay/.m2/repository/org/junit/jupiter/junit-jupiter-engine/5.7.1/junit-jupiter-engine-5.7.1.jar:/Users/krishnatejay/.m2/repository/org/junit/platform/junit-platform-engine/1.7.1/junit-platform-engine-1.7.1.jar:/Users/krishnatejay/.m2/repository/org/mockito/mockito-core/3.6.28/mockito-core-3.6.28.jar:/Users/krishnatejay/.m2/repository/net/bytebuddy/byte-buddy/1.10.22/byte-buddy-1.10.22.jar:/Users/krishnatejay/.m2/repository/net/bytebuddy/byte-buddy-agent/1.10.22/byte-buddy-agent-1.10.22.jar:/Users/krishnatejay/.m2/repository/org/objenesis/objenesis/3.1/objenesis-3.1.jar:/Users/krishnatejay/.m2/repository/org/mockito/mockito-junit-jupiter/3.6.28/mockito-junit-jupiter-3.6.28.jar:/Users/krishnatejay/.m2/repository/org/skyscreamer/jsonassert/1.5.0/jsonassert-1.5.0.jar:/Users/krishnatejay/.m2/repository/com/vaadin/external/google/android-json/0.0.20131108.vaadin1/android-json-0.0.20131108.vaadin1.jar:/Users/krishnatejay/.m2/repository/org/springframework/spring-core/5.3.5/spring-core-5.3.5.jar:/Users/krishnatejay/.m2/repository/org/springframework/spring-jcl/5.3.5/spring-jcl-5.3.5.jar:/Users/krishnatejay/.m2/repository/org/springframework/spring-test/5.3.5/spring-test-5.3.5.jar:/Users/krishnatejay/.m2/repository/org/xmlunit/xmlunit-core/2.7.0/xmlunit-core-2.7.0.jar:/Users/krishnatejay/.m2/repository/org/postgresql/postgresql/42.1.2/postgresql-42.1.2.jar:/Users/krishnatejay/.m2/repository/org/projectlombok/lombok/1.18.20/lombok-1.18.20.jar:/Users/krishnatejay/.m2/repository/com/google/code/gson/gson/2.8.6/gson-2.8.6.jar:/Users/krishnatejay/.m2/repository/org/apache/httpcomponents/httpclient/4.5.13/httpclient-4.5.13.jar:/Users/krishnatejay/.m2/repository/org/apache/httpcomponents/httpcore/4.4.14/httpcore-4.4.14.jar:/Users/krishnatejay/.m2/repository/commons-codec/commons-codec/1.15/commons-codec-1.15.jar:/Users/krishnatejay/.m2/repository/commons-io/commons-io/2.6/commons-io-2.6.jar:/Users/krishnatejay/.m2/repository/com/google/guava/guava/29.0-android/guava-29.0-android.jar:/Users/krishnatejay/.m2/repository/com/google/guava/failureaccess/1.0.1/failureaccess-1.0.1.jar:/Users/krishnatejay/.m2/repository/com/google/guava/listenablefuture/9999.0-empty-to-avoid-conflict-with-guava/listenablefuture-9999.0-empty-to-avoid-conflict-with-guava.jar:/Users/krishnatejay/.m2/repository/com/google/code/findbugs/jsr305/3.0.2/jsr305-3.0.2.jar:/Users/krishnatejay/.m2/repository/org/checkerframework/checker-compat-qual/2.5.5/checker-compat-qual-2.5.5.jar:/Users/krishnatejay/.m2/repository/com/google/errorprone/error_prone_annotations/2.3.4/error_prone_annotations-2.3.4.jar:/Users/krishnatejay/.m2/repository/com/google/j2objc/j2objc-annotations/1.3/j2objc-annotations-1.3.jar:"/>
    <property name="sun.cpu.endian" value="little"/>
    <property name="user.home" value="/Users/krishnatejay"/>
    <property name="user.language" value="en"/>
    <property name="java.specification.vendor" value="Oracle Corporation"/>
    <property name="java.home" value="/Library/Java/JavaVirtualMachines/jdk1.8.0_211.jdk/Contents/Home/jre"/>
    <property name="basedir" value="/Users/krishnatejay/repo/kumbhakarna"/>
    <property name="file.separator" value="/"/>
    <property name="line.separator" value="&#10;"/>
    <property name="java.vm.specification.vendor" value="Oracle Corporation"/>
    <property name="java.specification.name" value="Java Platform API Specification"/>
    <property name="java.awt.graphicsenv" value="sun.awt.CGraphicsEnvironment"/>
<<<<<<< Updated upstream
    <property name="surefire.real.class.path" value="/Users/krishnatejay/repo/kumbhakarna/target/surefire/surefirebooter261597023314369702.jar"/>
=======
<<<<<<< Updated upstream
    <property name="surefire.real.class.path" value="/Users/krishnatejay/repo/kumbhakarna/target/surefire/surefirebooter6861873236741590839.jar"/>
=======
    <property name="surefire.real.class.path" value="/Users/krishnatejay/repo/kumbhakarna/target/surefire/surefirebooter2021023908975375745.jar"/>
>>>>>>> Stashed changes
>>>>>>> Stashed changes
    <property name="sun.boot.class.path" value="/Library/Java/JavaVirtualMachines/jdk1.8.0_211.jdk/Contents/Home/jre/lib/resources.jar:/Library/Java/JavaVirtualMachines/jdk1.8.0_211.jdk/Contents/Home/jre/lib/rt.jar:/Library/Java/JavaVirtualMachines/jdk1.8.0_211.jdk/Contents/Home/jre/lib/sunrsasign.jar:/Library/Java/JavaVirtualMachines/jdk1.8.0_211.jdk/Contents/Home/jre/lib/jsse.jar:/Library/Java/JavaVirtualMachines/jdk1.8.0_211.jdk/Contents/Home/jre/lib/jce.jar:/Library/Java/JavaVirtualMachines/jdk1.8.0_211.jdk/Contents/Home/jre/lib/charsets.jar:/Library/Java/JavaVirtualMachines/jdk1.8.0_211.jdk/Contents/Home/jre/lib/jfr.jar:/Library/Java/JavaVirtualMachines/jdk1.8.0_211.jdk/Contents/Home/jre/classes"/>
    <property name="sun.management.compiler" value="HotSpot 64-Bit Tiered Compilers"/>
    <property name="ftp.nonProxyHosts" value="local|*.local|169.254/16|*.169.254/16"/>
    <property name="java.runtime.version" value="1.8.0_211-b12"/>
    <property name="user.name" value="krishnatejay"/>
    <property name="path.separator" value=":"/>
    <property name="os.version" value="10.15.7"/>
    <property name="java.endorsed.dirs" value="/Library/Java/JavaVirtualMachines/jdk1.8.0_211.jdk/Contents/Home/jre/lib/endorsed"/>
    <property name="java.runtime.name" value="Java(TM) SE Runtime Environment"/>
    <property name="file.encoding" value="UTF-8"/>
    <property name="java.vm.name" value="Java HotSpot(TM) 64-Bit Server VM"/>
    <property name="localRepository" value="/Users/krishnatejay/.m2/repository"/>
    <property name="java.vendor.url.bug" value="http://bugreport.sun.com/bugreport/"/>
    <property name="java.io.tmpdir" value="/var/folders/nr/ylq7661x167g4wp1vzmkdkxm0000gp/T/"/>
    <property name="java.version" value="1.8.0_211"/>
    <property name="user.dir" value="/Users/krishnatejay/repo/kumbhakarna"/>
    <property name="os.arch" value="x86_64"/>
    <property name="java.vm.specification.name" value="Java Virtual Machine Specification"/>
    <property name="java.awt.printerjob" value="sun.lwawt.macosx.CPrinterJob"/>
    <property name="sun.os.patch.level" value="unknown"/>
    <property name="java.library.path" value="/Users/krishnatejay/Library/Java/Extensions:/Library/Java/Extensions:/Network/Library/Java/Extensions:/System/Library/Java/Extensions:/usr/lib/java:."/>
    <property name="java.vm.info" value="mixed mode"/>
    <property name="java.vendor" value="Oracle Corporation"/>
    <property name="java.vm.version" value="25.211-b12"/>
    <property name="java.ext.dirs" value="/Users/krishnatejay/Library/Java/Extensions:/Library/Java/JavaVirtualMachines/jdk1.8.0_211.jdk/Contents/Home/jre/lib/ext:/Library/Java/Extensions:/Network/Library/Java/Extensions:/System/Library/Java/Extensions:/usr/lib/java"/>
    <property name="sun.io.unicode.encoding" value="UnicodeBig"/>
    <property name="java.class.version" value="52.0"/>
    <property name="socksNonProxyHosts" value="local|*.local|169.254/16|*.169.254/16"/>
  </properties>
<<<<<<< Updated upstream
  <testcase name="testGetterAndSetter" classname="dao.InventoryDaoTest" time="0.015"/>
=======
<<<<<<< Updated upstream
  <testcase name="testGetterAndSetter" classname="dao.InventoryDaoTest" time="0.011"/>
=======
  <testcase name="testGetterAndSetter" classname="dao.InventoryDaoTest" time="0.012"/>
>>>>>>> Stashed changes
>>>>>>> Stashed changes
</testsuite>